15:01:47.110 [http-nio-8080-exec-1] ERROR o.h.e.jdbc.spi.SqlExceptionHelper - Duplicate entry 'Istanbul' for key 'city.UK_djnk44fptegbsu6drhc9xvlfj'
15:01:47.122 [http-nio-8080-exec-1] ERROR c.u.a.a.e.GlobalExceptionHandler - could not execute statement [Duplicate entry 'Istanbul' for key 'city.UK_djnk44fptegbsu6drhc9xvlfj'] [insert into city (active,city_name) values (?,?)]; SQL [insert into city (active,city_name) values (?,?)]; constraint [city.UK_djnk44fptegbsu6drhc9xvlfj]
15:01:47.122 [http-nio-8080-exec-1] ERROR c.u.a.a.e.GlobalExceptionHandler - org.springframework.orm.jpa.vendor.HibernateJpaDialect.convertHibernateAccessException(HibernateJpaDialect.java:269)
org.springframework.orm.jpa.vendor.HibernateJpaDialect.translateExceptionIfPossible(HibernateJpaDialect.java:229)
org.springframework.orm.jpa.AbstractEntityManagerFactoryBean.translateExceptionIfPossible(AbstractEntityManagerFactoryBean.java:550)
org.springframework.dao.support.ChainedPersistenceExceptionTranslator.translateExceptionIfPossible(ChainedPersistenceExceptionTranslator.java:61)
org.springframework.dao.support.DataAccessUtils.translateIfNecessary(DataAccessUtils.java:242)
org.springframework.dao.support.PersistenceExceptionTranslationInterceptor.invoke(PersistenceExceptionTranslationInterceptor.java:152)
org.springframework.aop.framework.ReflectiveMethodInvocation.proceed(ReflectiveMethodInvocation.java:184)
org.springframework.data.jpa.repository.support.CrudMethodMetadataPostProcessor$CrudMethodMetadataPopulatingMethodInterceptor.invoke(CrudMethodMetadataPostProcessor.java:164)
org.springframework.aop.framework.ReflectiveMethodInvocation.proceed(ReflectiveMethodInvocation.java:184)
org.springframework.aop.interceptor.ExposeInvocationInterceptor.invoke(ExposeInvocationInterceptor.java:97)
org.springframework.aop.framework.ReflectiveMethodInvocation.proceed(ReflectiveMethodInvocation.java:184)
org.springframework.aop.framework.JdkDynamicAopProxy.invoke(JdkDynamicAopProxy.java:244)
jdk.proxy4/jdk.proxy4.$Proxy135.save(Unknown Source)
com.upschool.airport.app.service.city.CityServiceImpl.saveCity(CityServiceImpl.java:27)
java.base/jdk.internal.reflect.NativeMethodAccessorImpl.invoke0(Native Method)
java.base/jdk.internal.reflect.NativeMethodAccessorImpl.invoke(NativeMethodAccessorImpl.java:77)
java.base/jdk.internal.reflect.DelegatingMethodAccessorImpl.invoke(DelegatingMethodAccessorImpl.java:43)
java.base/java.lang.reflect.Method.invoke(Method.java:568)
org.springframework.aop.support.AopUtils.invokeJoinpointUsingReflection(AopUtils.java:343)
org.springframework.aop.framework.ReflectiveMethodInvocation.invokeJoinpoint(ReflectiveMethodInvocation.java:196)
org.springframework.aop.framework.ReflectiveMethodInvocation.proceed(ReflectiveMethodInvocation.java:163)
org.springframework.aop.framework.CglibAopProxy$CglibMethodInvocation.proceed(CglibAopProxy.java:756)
org.springframework.transaction.interceptor.TransactionInterceptor$1.proceedWithInvocation(TransactionInterceptor.java:123)
org.springframework.transaction.interceptor.TransactionAspectSupport.invokeWithinTransaction(TransactionAspectSupport.java:391)
org.springframework.transaction.interceptor.TransactionInterceptor.invoke(TransactionInterceptor.java:119)
org.springframework.aop.framework.ReflectiveMethodInvocation.proceed(ReflectiveMethodInvocation.java:184)
org.springframework.aop.framework.CglibAopProxy$CglibMethodInvocation.proceed(CglibAopProxy.java:756)
org.springframework.aop.framework.CglibAopProxy$DynamicAdvisedInterceptor.intercept(CglibAopProxy.java:708)
com.upschool.airport.app.service.city.CityServiceImpl$$SpringCGLIB$$0.saveCity(<generated>)
com.upschool.airport.app.controller.CityController.createCity(CityController.java:25)
java.base/jdk.internal.reflect.NativeMethodAccessorImpl.invoke0(Native Method)
java.base/jdk.internal.reflect.NativeMethodAccessorImpl.invoke(NativeMethodAccessorImpl.java:77)
java.base/jdk.internal.reflect.DelegatingMethodAccessorImpl.invoke(DelegatingMethodAccessorImpl.java:43)
java.base/java.lang.reflect.Method.invoke(Method.java:568)
org.springframework.web.method.support.InvocableHandlerMethod.doInvoke(InvocableHandlerMethod.java:205)
org.springframework.web.method.support.InvocableHandlerMethod.invokeForRequest(InvocableHandlerMethod.java:150)
org.springframework.web.servlet.mvc.method.annotation.ServletInvocableHandlerMethod.invokeAndHandle(ServletInvocableHandlerMethod.java:118)
org.springframework.web.servlet.mvc.method.annotation.RequestMappingHandlerAdapter.invokeHandlerMethod(RequestMappingHandlerAdapter.java:884)
org.springframework.web.servlet.mvc.method.annotation.RequestMappingHandlerAdapter.handleInternal(RequestMappingHandlerAdapter.java:797)
org.springframework.web.servlet.mvc.method.AbstractHandlerMethodAdapter.handle(AbstractHandlerMethodAdapter.java:87)
org.springframework.web.servlet.DispatcherServlet.doDispatch(DispatcherServlet.java:1081)
org.springframework.web.servlet.DispatcherServlet.doService(DispatcherServlet.java:974)
org.springframework.web.servlet.FrameworkServlet.processRequest(FrameworkServlet.java:1011)
org.springframework.web.servlet.FrameworkServlet.doPost(FrameworkServlet.java:914)
jakarta.servlet.http.HttpServlet.service(HttpServlet.java:590)
org.springframework.web.servlet.FrameworkServlet.service(FrameworkServlet.java:885)
jakarta.servlet.http.HttpServlet.service(HttpServlet.java:658)
org.apache.catalina.core.ApplicationFilterChain.internalDoFilter(ApplicationFilterChain.java:205)
org.apache.catalina.core.ApplicationFilterChain.doFilter(ApplicationFilterChain.java:149)
org.apache.tomcat.websocket.server.WsFilter.doFilter(WsFilter.java:51)
org.apache.catalina.core.ApplicationFilterChain.internalDoFilter(ApplicationFilterChain.java:174)
org.apache.catalina.core.ApplicationFilterChain.doFilter(ApplicationFilterChain.java:149)
org.springframework.web.filter.RequestContextFilter.doFilterInternal(RequestContextFilter.java:100)
org.springframework.web.filter.OncePerRequestFilter.doFilter(OncePerRequestFilter.java:116)
org.apache.catalina.core.ApplicationFilterChain.internalDoFilter(ApplicationFilterChain.java:174)
org.apache.catalina.core.ApplicationFilterChain.doFilter(ApplicationFilterChain.java:149)
org.springframework.web.filter.FormContentFilter.doFilterInternal(FormContentFilter.java:93)
org.springframework.web.filter.OncePerRequestFilter.doFilter(OncePerRequestFilter.java:116)
org.apache.catalina.core.ApplicationFilterChain.internalDoFilter(ApplicationFilterChain.java:174)
org.apache.catalina.core.ApplicationFilterChain.doFilter(ApplicationFilterChain.java:149)
org.springframework.web.filter.CharacterEncodingFilter.doFilterInternal(CharacterEncodingFilter.java:201)
org.springframework.web.filter.OncePerRequestFilter.doFilter(OncePerRequestFilter.java:116)
org.apache.catalina.core.ApplicationFilterChain.internalDoFilter(ApplicationFilterChain.java:174)
org.apache.catalina.core.ApplicationFilterChain.doFilter(ApplicationFilterChain.java:149)
org.apache.catalina.core.StandardWrapperValve.invoke(StandardWrapperValve.java:166)
org.apache.catalina.core.StandardContextValve.invoke(StandardContextValve.java:90)
org.apache.catalina.authenticator.AuthenticatorBase.invoke(AuthenticatorBase.java:482)
org.apache.catalina.core.StandardHostValve.invoke(StandardHostValve.java:115)
org.apache.catalina.valves.ErrorReportValve.invoke(ErrorReportValve.java:93)
org.apache.catalina.core.StandardEngineValve.invoke(StandardEngineValve.java:74)
org.apache.catalina.connector.CoyoteAdapter.service(CoyoteAdapter.java:341)
org.apache.coyote.http11.Http11Processor.service(Http11Processor.java:391)
org.apache.coyote.AbstractProcessorLight.process(AbstractProcessorLight.java:63)
org.apache.coyote.AbstractProtocol$ConnectionHandler.process(AbstractProtocol.java:894)
org.apache.tomcat.util.net.NioEndpoint$SocketProcessor.doRun(NioEndpoint.java:1740)
org.apache.tomcat.util.net.SocketProcessorBase.run(SocketProcessorBase.java:52)
org.apache.tomcat.util.threads.ThreadPoolExecutor.runWorker(ThreadPoolExecutor.java:1191)
org.apache.tomcat.util.threads.ThreadPoolExecutor$Worker.run(ThreadPoolExecutor.java:659)
org.apache.tomcat.util.threads.TaskThread$WrappingRunnable.run(TaskThread.java:61)
java.base/java.lang.Thread.run(Thread.java:833)



15:05:45.074 [http-nio-8080-exec-1] ERROR c.u.a.a.e.GlobalExceptionHandler - Airport with ID 1 not found!
15:05:45.075 [http-nio-8080-exec-1] ERROR c.u.a.a.e.GlobalExceptionHandler - com.upschool.airport.app.service.airport.AirportServiceImpl.lambda$getAirportById$1(AirportServiceImpl.java:64)
java.base/java.util.Optional.orElseThrow(Optional.java:403)
com.upschool.airport.app.service.airport.AirportServiceImpl.getAirportById(AirportServiceImpl.java:64)
java.base/jdk.internal.reflect.NativeMethodAccessorImpl.invoke0(Native Method)
java.base/jdk.internal.reflect.NativeMethodAccessorImpl.invoke(NativeMethodAccessorImpl.java:77)
java.base/jdk.internal.reflect.DelegatingMethodAccessorImpl.invoke(DelegatingMethodAccessorImpl.java:43)
java.base/java.lang.reflect.Method.invoke(Method.java:568)
org.springframework.aop.support.AopUtils.invokeJoinpointUsingReflection(AopUtils.java:343)
org.springframework.aop.framework.ReflectiveMethodInvocation.invokeJoinpoint(ReflectiveMethodInvocation.java:196)
org.springframework.aop.framework.ReflectiveMethodInvocation.proceed(ReflectiveMethodInvocation.java:163)
org.springframework.aop.framework.CglibAopProxy$CglibMethodInvocation.proceed(CglibAopProxy.java:756)
org.springframework.transaction.interceptor.TransactionInterceptor$1.proceedWithInvocation(TransactionInterceptor.java:123)
org.springframework.transaction.interceptor.TransactionAspectSupport.invokeWithinTransaction(TransactionAspectSupport.java:391)
org.springframework.transaction.interceptor.TransactionInterceptor.invoke(TransactionInterceptor.java:119)
org.springframework.aop.framework.ReflectiveMethodInvocation.proceed(ReflectiveMethodInvocation.java:184)
org.springframework.aop.framework.CglibAopProxy$CglibMethodInvocation.proceed(CglibAopProxy.java:756)
org.springframework.aop.framework.CglibAopProxy$DynamicAdvisedInterceptor.intercept(CglibAopProxy.java:708)
com.upschool.airport.app.service.airport.AirportServiceImpl$$SpringCGLIB$$0.getAirportById(<generated>)
com.upschool.airport.app.service.route.RouteServiceConvertDto.routeSaveRequestToEntity(RouteServiceConvertDto.java:30)
com.upschool.airport.app.service.route.RouteServiceImpl.saveRoute(RouteServiceImpl.java:34)
java.base/jdk.internal.reflect.NativeMethodAccessorImpl.invoke0(Native Method)
java.base/jdk.internal.reflect.NativeMethodAccessorImpl.invoke(NativeMethodAccessorImpl.java:77)
java.base/jdk.internal.reflect.DelegatingMethodAccessorImpl.invoke(DelegatingMethodAccessorImpl.java:43)
java.base/java.lang.reflect.Method.invoke(Method.java:568)
org.springframework.aop.support.AopUtils.invokeJoinpointUsingReflection(AopUtils.java:343)
org.springframework.aop.framework.ReflectiveMethodInvocation.invokeJoinpoint(ReflectiveMethodInvocation.java:196)
org.springframework.aop.framework.ReflectiveMethodInvocation.proceed(ReflectiveMethodInvocation.java:163)
org.springframework.aop.framework.CglibAopProxy$CglibMethodInvocation.proceed(CglibAopProxy.java:756)
org.springframework.transaction.interceptor.TransactionInterceptor$1.proceedWithInvocation(TransactionInterceptor.java:123)
org.springframework.transaction.interceptor.TransactionAspectSupport.invokeWithinTransaction(TransactionAspectSupport.java:391)
org.springframework.transaction.interceptor.TransactionInterceptor.invoke(TransactionInterceptor.java:119)
org.springframework.aop.framework.ReflectiveMethodInvocation.proceed(ReflectiveMethodInvocation.java:184)
org.springframework.aop.framework.CglibAopProxy$CglibMethodInvocation.proceed(CglibAopProxy.java:756)
org.springframework.aop.framework.CglibAopProxy$DynamicAdvisedInterceptor.intercept(CglibAopProxy.java:708)
com.upschool.airport.app.service.route.RouteServiceImpl$$SpringCGLIB$$0.saveRoute(<generated>)
com.upschool.airport.app.controller.RouteController.createRoute(RouteController.java:28)
java.base/jdk.internal.reflect.NativeMethodAccessorImpl.invoke0(Native Method)
java.base/jdk.internal.reflect.NativeMethodAccessorImpl.invoke(NativeMethodAccessorImpl.java:77)
java.base/jdk.internal.reflect.DelegatingMethodAccessorImpl.invoke(DelegatingMethodAccessorImpl.java:43)
java.base/java.lang.reflect.Method.invoke(Method.java:568)
org.springframework.web.method.support.InvocableHandlerMethod.doInvoke(InvocableHandlerMethod.java:205)
org.springframework.web.method.support.InvocableHandlerMethod.invokeForRequest(InvocableHandlerMethod.java:150)
org.springframework.web.servlet.mvc.method.annotation.ServletInvocableHandlerMethod.invokeAndHandle(ServletInvocableHandlerMethod.java:118)
org.springframework.web.servlet.mvc.method.annotation.RequestMappingHandlerAdapter.invokeHandlerMethod(RequestMappingHandlerAdapter.java:884)
org.springframework.web.servlet.mvc.method.annotation.RequestMappingHandlerAdapter.handleInternal(RequestMappingHandlerAdapter.java:797)
org.springframework.web.servlet.mvc.method.AbstractHandlerMethodAdapter.handle(AbstractHandlerMethodAdapter.java:87)
org.springframework.web.servlet.DispatcherServlet.doDispatch(DispatcherServlet.java:1081)
org.springframework.web.servlet.DispatcherServlet.doService(DispatcherServlet.java:974)
org.springframework.web.servlet.FrameworkServlet.processRequest(FrameworkServlet.java:1011)
org.springframework.web.servlet.FrameworkServlet.doPost(FrameworkServlet.java:914)
jakarta.servlet.http.HttpServlet.service(HttpServlet.java:590)
org.springframework.web.servlet.FrameworkServlet.service(FrameworkServlet.java:885)
jakarta.servlet.http.HttpServlet.service(HttpServlet.java:658)
org.apache.catalina.core.ApplicationFilterChain.internalDoFilter(ApplicationFilterChain.java:205)
org.apache.catalina.core.ApplicationFilterChain.doFilter(ApplicationFilterChain.java:149)
org.apache.tomcat.websocket.server.WsFilter.doFilter(WsFilter.java:51)
org.apache.catalina.core.ApplicationFilterChain.internalDoFilter(ApplicationFilterChain.java:174)
org.apache.catalina.core.ApplicationFilterChain.doFilter(ApplicationFilterChain.java:149)
org.springframework.web.filter.RequestContextFilter.doFilterInternal(RequestContextFilter.java:100)
org.springframework.web.filter.OncePerRequestFilter.doFilter(OncePerRequestFilter.java:116)
org.apache.catalina.core.ApplicationFilterChain.internalDoFilter(ApplicationFilterChain.java:174)
org.apache.catalina.core.ApplicationFilterChain.doFilter(ApplicationFilterChain.java:149)
org.springframework.web.filter.FormContentFilter.doFilterInternal(FormContentFilter.java:93)
org.springframework.web.filter.OncePerRequestFilter.doFilter(OncePerRequestFilter.java:116)
org.apache.catalina.core.ApplicationFilterChain.internalDoFilter(ApplicationFilterChain.java:174)
org.apache.catalina.core.ApplicationFilterChain.doFilter(ApplicationFilterChain.java:149)
org.springframework.web.filter.CharacterEncodingFilter.doFilterInternal(CharacterEncodingFilter.java:201)
org.springframework.web.filter.OncePerRequestFilter.doFilter(OncePerRequestFilter.java:116)
org.apache.catalina.core.ApplicationFilterChain.internalDoFilter(ApplicationFilterChain.java:174)
org.apache.catalina.core.ApplicationFilterChain.doFilter(ApplicationFilterChain.java:149)
org.apache.catalina.core.StandardWrapperValve.invoke(StandardWrapperValve.java:166)
org.apache.catalina.core.StandardContextValve.invoke(StandardContextValve.java:90)
org.apache.catalina.authenticator.AuthenticatorBase.invoke(AuthenticatorBase.java:482)
org.apache.catalina.core.StandardHostValve.invoke(StandardHostValve.java:115)
org.apache.catalina.valves.ErrorReportValve.invoke(ErrorReportValve.java:93)
org.apache.catalina.core.StandardEngineValve.invoke(StandardEngineValve.java:74)
org.apache.catalina.connector.CoyoteAdapter.service(CoyoteAdapter.java:341)
org.apache.coyote.http11.Http11Processor.service(Http11Processor.java:391)
org.apache.coyote.AbstractProcessorLight.process(AbstractProcessorLight.java:63)
org.apache.coyote.AbstractProtocol$ConnectionHandler.process(AbstractProtocol.java:894)
org.apache.tomcat.util.net.NioEndpoint$SocketProcessor.doRun(NioEndpoint.java:1740)
org.apache.tomcat.util.net.SocketProcessorBase.run(SocketProcessorBase.java:52)
org.apache.tomcat.util.threads.ThreadPoolExecutor.runWorker(ThreadPoolExecutor.java:1191)
org.apache.tomcat.util.threads.ThreadPoolExecutor$Worker.run(ThreadPoolExecutor.java:659)
org.apache.tomcat.util.threads.TaskThread$WrappingRunnable.run(TaskThread.java:61)
java.base/java.lang.Thread.run(Thread.java:833)



